#
# A fatal error has been detected by the Java Runtime Environment:
#
#  Internal Error (javaClasses.cpp:129), pid=1256, tid=3044
#  fatal error: Invalid layout of preloaded class
#
# JRE version: 7.0_07-b11
# Java VM: Java HotSpot(TM) 64-Bit Server VM (23.3-b01 mixed mode windows-amd64 compressed oops)
# Failed to write core dump. Minidumps are not enabled by default on client versions of Windows
#
# If you would like to submit a bug report, please visit:
#   http://bugreport.sun.com/bugreport/crash.jsp
#

---------------  T H R E A D  ---------------

Current thread (0x000000000270d800):  JavaThread "Unknown thread" [_thread_in_vm, id=3044, stack(0x0000000002600000,0x0000000002700000)]

Stack: [0x0000000002600000,0x0000000002700000]

---------------  P R O C E S S  ---------------

Java Threads: ( => current thread )

Other Threads:

=>0x000000000270d800 (exited) JavaThread "Unknown thread" [_thread_in_vm, id=3044, stack(0x0000000002600000,0x0000000002700000)]

VM state:not at safepoint (not fully initialized)

VM Mutex/Monitor currently owned by a thread: None

GC Heap History (0 events):
No events

Deoptimization events (0 events):
No events

Internal exceptions (0 events):
No events

Events (10 events):
Event: 0.014 loading class 0x00000000027236f0 done
Event: 0.014 loading class 0x0000000002723960 done
Event: 0.014 loading class 0x0000000002723930
Event: 0.014 loading class 0x000000000275f910
Event: 0.014 loading class 0x000000000275f910 done
Event: 0.014 loading class 0x000000000275f710
Event: 0.014 loading class 0x000000000275f710 done
Event: 0.014 loading class 0x000000000b4ad190
Event: 0.014 loading class 0x000000000b4ad190 done
Event: 0.015 loading class 0x0000000002723930 done


Dynamic libraries:
0x000007f64ba20000 - 0x000007f64ba54000 	C:\Program Files\Java\jre7\bin\javaw.exe
0x000007f8a48f0000 - 0x000007f8a4aae000 	C:\WINDOWS\SYSTEM32\ntdll.dll
0x000007f8a1fc0000 - 0x000007f8a20f6000 	C:\WINDOWS\system32\KERNEL32.DLL
0x000007f8a1b30000 - 0x000007f8a1c23000 	C:\WINDOWS\system32\KERNELBASE.dll
0x000007f8a3490000 - 0x000007f8a356e000 	C:\WINDOWS\system32\ADVAPI32.dll
0x000007f8a4500000 - 0x000007f8a464c000 	C:\WINDOWS\system32\USER32.dll
0x000007f89eb40000 - 0x000007f89eda9000 	C:\WINDOWS\WinSxS\amd64_microsoft.windows.common-controls_6595b64144ccf1df_6.0.9200.16384_none_418c2a697189c07f\COMCTL32.dll
0x000007f8a4840000 - 0x000007f8a48e5000 	C:\WINDOWS\system32\msvcrt.dll
0x000007f8a1f70000 - 0x000007f8a1fb8000 	C:\WINDOWS\SYSTEM32\sechost.dll
0x000007f8a3a60000 - 0x000007f8a3ba0000 	C:\WINDOWS\system32\RPCRT4.dll
0x000007f8a46c0000 - 0x000007f8a4800000 	C:\WINDOWS\system32\GDI32.dll
0x000007f8a2160000 - 0x000007f8a2199000 	C:\WINDOWS\system32\IMM32.DLL
0x000007f8a1e50000 - 0x000007f8a1f65000 	C:\WINDOWS\system32\MSCTF.dll
0x0000000070c50000 - 0x0000000070d21000 	C:\Program Files\Java\jre7\bin\msvcr100.dll
0x0000000070360000 - 0x0000000070a7f000 	C:\Program Files\Java\jre7\bin\server\jvm.dll
0x000007f89b160000 - 0x000007f89b169000 	C:\WINDOWS\SYSTEM32\WSOCK32.dll
0x000007f89b9a0000 - 0x000007f89b9c0000 	C:\WINDOWS\SYSTEM32\WINMM.dll
0x000007f8a3770000 - 0x000007f8a3777000 	C:\WINDOWS\system32\PSAPI.DLL
0x000007f8a2100000 - 0x000007f8a2158000 	C:\WINDOWS\system32\WS2_32.dll
0x000007f89b960000 - 0x000007f89b992000 	C:\WINDOWS\SYSTEM32\WINMMBASE.dll
0x000007f8a3d70000 - 0x000007f8a3d79000 	C:\WINDOWS\system32\NSI.dll
0x0000000071980000 - 0x000000007198f000 	C:\Program Files\Java\jre7\bin\verify.dll
0x0000000071950000 - 0x0000000071978000 	C:\Program Files\Java\jre7\bin\java.dll
0x00000000716b0000 - 0x00000000716c5000 	C:\Program Files\Java\jre7\bin\zip.dll

VM Arguments:
jvm_args: -Dfile.encoding=Cp1252 -Xbootclasspath:C:\Users\Swapnil\AppData\Local\Android\android-sdk\platforms\android-16\android.jar 
java_command: Main
Launcher Type: SUN_STANDARD

Environment Variables:
CLASSPATH=.;C:\Program Files (x86)\Java\jre7\lib\ext\QTJava.zip
PATH=C:\Program Files\Autodesk\Alias2013\bin;C:\Program Files\Common Files\Microsoft Shared\Windows Live;C:\Program Files (x86)\Common Files\Microsoft Shared\Windows Live;C:\WINDOWS\system32;C:\WINDOWS;C:\WINDOWS\System32\Wbem;C:\WINDOWS\System32\WindowsPowerShell\v1.0\;C:\Program Files (x86)\Windows Live\Shared;C:\Program Files (x86)\QuickTime\QTSystem\;C:\Program Files (x86)\Intel\OpenCL SDK\2.0\bin\x86;C:\Program Files (x86)\Intel\OpenCL SDK\2.0\bin\x64
USERNAME=Swapnil
OS=Windows_NT
PROCESSOR_IDENTIFIER=Intel64 Family 6 Model 42 Stepping 7, GenuineIntel



---------------  S Y S T E M  ---------------

OS: Windows 8 , 64 bit Build 9200 

CPU:total 4 (2 cores per cpu, 2 threads per core) family 6 model 42 stepping 7, cmov, cx8, fxsr, mmx, sse, sse2, sse3, ssse3, sse4.1, sse4.2, popcnt, avx, ht, tsc, tscinvbit

Memory: 4k page, physical 8160396k(4675756k free), swap 15328396k(10781308k free)

vm_info: Java HotSpot(TM) 64-Bit Server VM (23.3-b01) for windows-amd64 JRE (1.7.0_07-b11), built on Sep  7 2012 01:19:25 by "java_re" with unknown MS VC++:1600

time: Sat Apr 13 15:32:29 2013
elapsed time: 0 seconds

